<?xml version="1.0" encoding="UTF-8"?>
<!-- Generated by org.testng.reporters.JUnitXMLReporter -->
<testsuite ignored="0" hostname="Basits-MacBook-Pro.local" failures="0" tests="2" name="Data driven with data provider annotation" time="15.402" errors="0" timestamp="2024-07-25T18:35:42 PKT">
  <testcase classname="completeCode.AddToCart" name="cartTest" time="3.136"/>
  <testcase classname="completeCode.AddToCart" name="cartTest" time="3.213"/>
</testsuite> <!-- Data driven with data provider annotation -->
