<?xml version="1.0" encoding="UTF-8"?>
<!-- Generated by org.testng.reporters.JUnitXMLReporter -->
<testsuite ignored="0" hostname="Basits-MacBook-Pro.local" failures="1" tests="2" name="Login and Add to Cart Scenario" time="13.768" errors="0" timestamp="2024-07-24T17:25:30 PKT">
  <testcase classname="completeCode.AddToCartTestParts" name="addToCartTest" time="0.003">
    <failure type="java.lang.NullPointerException" message="Cannot invoke &amp;quot;pageObjects.ProductCatalogue.getProductList()&amp;quot; because &amp;quot;this.pc&amp;quot; is null">
      <![CDATA[java.lang.NullPointerException: Cannot invoke "pageObjects.ProductCatalogue.getProductList()" because "this.pc" is null
at completeCode.AddToCartTestParts.addToCartTest(AddToCartTestParts.java:32)
at java.base/java.util.ArrayList.forEach(ArrayList.java:1596)
... Removed 25 stack frames]]>
    </failure>
  </testcase> <!-- addToCartTest -->
  <testcase classname="completeCode.AddToCartTestParts" name="login" time="4.442"/>
</testsuite> <!-- Login and Add to Cart Scenario -->
