<?xml version="1.0" encoding="UTF-8"?>
<!-- Generated by org.testng.reporters.JUnitXMLReporter -->
<testsuite ignored="0" hostname="Basits-MacBook-Pro.local" failures="1" tests="5" name="Test" time="33.766" errors="0" timestamp="2024-09-03T21:49:36 PKT">
  <testcase classname="completeCode.AddToCartTestParts" name="addToCartTest" time="0.017">
    <failure type="java.lang.NullPointerException" message="Cannot invoke &amp;quot;pageObjects.ProductCatalogue.getProductList()&amp;quot; because &amp;quot;this.pc&amp;quot; is null">
      <![CDATA[java.lang.NullPointerException: Cannot invoke "pageObjects.ProductCatalogue.getProductList()" because "this.pc" is null
at completeCode.AddToCartTestParts.addToCartTest(AddToCartTestParts.java:32)
at java.base/java.util.ArrayList.forEach(ArrayList.java:1597)
... Removed 25 stack frames]]>
    </failure>
  </testcase> <!-- addToCartTest -->
  <testcase classname="completeCode.AddToCartTestParts" name="login" time="0.326"/>
  <testcase classname="completeCode.AddToCartSecondTest" name="LoginTest" time="0.276"/>
  <testcase classname="completeCode.AddToCart" name="cartTest" time="3.07"/>
  <testcase classname="completeCode.AddToCart" name="cartTest" time="3.51"/>
</testsuite> <!-- Test -->
