<?xml version="1.0" encoding="UTF-8"?>
<!-- Generated by org.testng.reporters.JUnitXMLReporter -->
<testsuite ignored="0" hostname="Basits-MacBook-Pro.local" failures="1" tests="5" name="Test" time="30.734" errors="0" timestamp="2024-09-03T18:15:19 PKT">
  <testcase classname="completeCode.AddToCartTestParts" name="addToCartTest" time="0.007">
    <failure type="java.lang.NullPointerException" message="Cannot invoke &amp;quot;pageObjects.ProductCatalogue.getProductList()&amp;quot; because &amp;quot;this.pc&amp;quot; is null">
      <![CDATA[java.lang.NullPointerException: Cannot invoke "pageObjects.ProductCatalogue.getProductList()" because "this.pc" is null
at completeCode.AddToCartTestParts.addToCartTest(AddToCartTestParts.java:33)
at java.base/java.util.ArrayList.forEach(ArrayList.java:1597)
... Removed 29 stack frames]]>
    </failure>
  </testcase> <!-- addToCartTest -->
  <testcase classname="completeCode.AddToCartTestParts" name="login" time="0.316"/>
  <testcase classname="completeCode.AddToCartSecondTest" name="LoginTest" time="0.273"/>
  <testcase classname="completeCode.AddToCart" name="cartTest" time="3.062"/>
  <testcase classname="completeCode.AddToCart" name="cartTest" time="3.118"/>
</testsuite> <!-- Test -->
